<?xml version="1.0" encoding="UTF-8"?>
<testsuite name="com.example.lambda.ProcessorTest" tests="1" skipped="0" failures="0" errors="0" timestamp="2025-09-23T22:31:44" hostname="MARKSDESKTOP" time="0.0">
  <properties/>
  <testcase name="testProcess_ValidJson_ReturnsSuccessMessage()" classname="com.example.lambda.ProcessorTest" time="0.0"/>
  <system-out><![CDATA[23:31:44.467 [Test worker] INFO com.example.lambda.Processor -- Processing JSON input: {"message": "Hello World", "value": 123}
]]></system-out>
  <system-err><![CDATA[]]></system-err>
</testsuite>
