<?xml version="1.0" encoding="UTF-8"?>
<testsuite name="com.example.lambda.LambdaHandlerTest" tests="4" skipped="0" failures="0" errors="0" timestamp="2025-09-23T22:31:43" hostname="MARKSDESKTOP" time="1.098">
  <properties/>
  <testcase name="testHandleRequest_EmptyInput_ReturnsSuccessMessage()" classname="com.example.lambda.LambdaHandlerTest" time="1.083"/>
  <testcase name="testHandleRequest_ComplexInput_ReturnsSuccessMessage()" classname="com.example.lambda.LambdaHandlerTest" time="0.004"/>
  <testcase name="testHandleRequest_ValidInput_DoesNotThrowException()" classname="com.example.lambda.LambdaHandlerTest" time="0.005"/>
  <testcase name="testHandleRequest_ValidInput_ReturnsSuccessMessage()" classname="com.example.lambda.LambdaHandlerTest" time="0.002"/>
  <system-out><![CDATA[23:31:44.364 [Test worker] INFO com.example.lambda.LambdaHandler -- Received input: Input[greeting=, timestamp=2025-09-23T22:31:44.364392500Z]
23:31:44.405 [Test worker] INFO com.example.lambda.Processor -- Processing JSON input: 
23:31:44.405 [Test worker] INFO com.example.lambda.LambdaHandler -- Processing completed successfully: JSON processed successfully
23:31:44.454 [Test worker] INFO com.example.lambda.LambdaHandler -- Received input: Input[greeting={
    "user": {
        "id": 1,
        "name": "John Doe",
        "email": "john@example.com"
    },
    "items": [
        {"id": 1, "name": "Item 1"},
        {"id": 2, "name": "Item 2"}
    ]
}
, timestamp=2025-09-23T22:31:44.454608100Z]
23:31:44.454 [Test worker] INFO com.example.lambda.Processor -- Processing JSON input: {
    "user": {
        "id": 1,
        "name": "John Doe",
        "email": "john@example.com"
    },
    "items": [
        {"id": 1, "name": "Item 1"},
        {"id": 2, "name": "Item 2"}
    ]
}

23:31:44.456 [Test worker] INFO com.example.lambda.LambdaHandler -- Processing completed successfully: JSON processed successfully
23:31:44.456 [Test worker] INFO com.example.lambda.LambdaHandler -- Received input: Input[greeting=Test message, timestamp=2025-09-23T22:31:44.456122400Z]
23:31:44.456 [Test worker] INFO com.example.lambda.Processor -- Processing JSON input: Test message
23:31:44.456 [Test worker] INFO com.example.lambda.LambdaHandler -- Processing completed successfully: JSON processed successfully
23:31:44.456 [Test worker] INFO com.example.lambda.LambdaHandler -- Received input: Input[greeting=Hello World, timestamp=2025-09-23T22:31:44.456122400Z]
23:31:44.456 [Test worker] INFO com.example.lambda.Processor -- Processing JSON input: Hello World
23:31:44.456 [Test worker] INFO com.example.lambda.LambdaHandler -- Processing completed successfully: JSON processed successfully
]]></system-out>
  <system-err><![CDATA[]]></system-err>
</testsuite>
